# JRE version: Java(TM) SE Runtime Environment (8.0_20-b26) (build 1.8.0_20-b26)
# Java VM: Java HotSpot(TM) 64-Bit Server VM (25.20-b23 mixed mode bsd-amd64 compressed oops)
Heap:
 PSYoungGen      total 227840K, used 198151K [0x0000000795580000, 0x00000007a4380000, 0x00000007c0000000)
  eden space 215040K, 92% used [0x0000000795580000,0x00000007a1701f30,0x00000007a2780000)
  from space 12800K, 0% used [0x00000007a3700000,0x00000007a3700000,0x00000007a4380000)
  to   space 14336K, 0% used [0x00000007a2780000,0x00000007a2780000,0x00000007a3580000)
 ParOldGen       total 94720K, used 20538K [0x0000000740000000, 0x0000000745c80000, 0x0000000795580000)
  object space 94720K, 21% used [0x0000000740000000,0x000000074140e9a0,0x0000000745c80000)
 Metaspace       used 46927K, capacity 47454K, committed 47656K, reserved 1091584K
  class space    used 5979K, capacity 6079K, committed 6184K, reserved 1048576K
GC Heap History (10 events):
Event: 3.614 GC heap before
{Heap before GC invocations=6 (full 0):
 PSYoungGen      total 71680K, used 15081K [0x0000000795580000, 0x000000079ed80000, 0x00000007c0000000)
  eden space 66560K, 15% used [0x0000000795580000,0x0000000795f41768,0x0000000799680000)
  from space 5120K, 99% used [0x0000000799680000,0x0000000799b78ee0,0x0000000799b80000)
  to   space 11264K, 0% used [0x000000079e280000,0x000000079e280000,0x000000079ed80000)
 ParOldGen       total 87552K, used 15695K [0x0000000740000000, 0x0000000745580000, 0x0000000795580000)
  object space 87552K, 17% used [0x0000000740000000,0x0000000740f53e98,0x0000000745580000)
 Metaspace       used 20942K, capacity 21092K, committed 21296K, reserved 1069056K
  class space    used 2572K, capacity 2617K, committed 2688K, reserved 1048576K
Event: 3.625 GC heap after
Heap after GC invocations=6 (full 0):
 PSYoungGen      total 143872K, used 5539K [0x0000000795580000, 0x000000079ee80000, 0x00000007c0000000)
  eden space 132608K, 0% used [0x0000000795580000,0x0000000795580000,0x000000079d700000)
  from space 11264K, 49% used [0x000000079e280000,0x000000079e7e8ec0,0x000000079ed80000)
  to   space 11776K, 0% used [0x000000079d700000,0x000000079d700000,0x000000079e280000)
 ParOldGen       total 87552K, used 15703K [0x0000000740000000, 0x0000000745580000, 0x0000000795580000)
  object space 87552K, 17% used [0x0000000740000000,0x0000000740f55e98,0x0000000745580000)
 Metaspace       used 20942K, capacity 21092K, committed 21296K, reserved 1069056K
  class space    used 2572K, capacity 2617K, committed 2688K, reserved 1048576K
}
Event: 3.625 GC heap before
{Heap before GC invocations=7 (full 1):
 PSYoungGen      total 143872K, used 5539K [0x0000000795580000, 0x000000079ee80000, 0x00000007c0000000)
  eden space 132608K, 0% used [0x0000000795580000,0x0000000795580000,0x000000079d700000)
  from space 11264K, 49% used [0x000000079e280000,0x000000079e7e8ec0,0x000000079ed80000)
  to   space 11776K, 0% used [0x000000079d700000,0x000000079d700000,0x000000079e280000)
 ParOldGen       total 87552K, used 15703K [0x0000000740000000, 0x0000000745580000, 0x0000000795580000)
  object space 87552K, 17% used [0x0000000740000000,0x0000000740f55e98,0x0000000745580000)
 Metaspace       used 20942K, capacity 21092K, committed 21296K, reserved 1069056K
  class space    used 2572K, capacity 2617K, committed 2688K, reserved 1048576K
Event: 3.674 GC heap after
Heap after GC invocations=7 (full 1):
 PSYoungGen      total 143872K, used 0K [0x0000000795580000, 0x000000079ee80000, 0x00000007c0000000)
  eden space 132608K, 0% used [0x0000000795580000,0x0000000795580000,0x000000079d700000)
  from space 11264K, 0% used [0x000000079e280000,0x000000079e280000,0x000000079ed80000)
  to   space 11776K, 0% used [0x000000079d700000,0x000000079d700000,0x000000079e280000)
 ParOldGen       total 60416K, used 9740K [0x0000000740000000, 0x0000000743b00000, 0x0000000795580000)
  object space 60416K, 16% used [0x0000000740000000,0x0000000740983320,0x0000000743b00000)
 Metaspace       used 20942K, capacity 21092K, committed 21296K, reserved 1069056K
  class space    used 2572K, capacity 2617K, committed 2688K, reserved 1048576K
}
Event: 6.030 GC heap before
{Heap before GC invocations=8 (full 1):
 PSYoungGen      total 143872K, used 132608K [0x0000000795580000, 0x000000079ee80000, 0x00000007c0000000)
  eden space 132608K, 100% used [0x0000000795580000,0x000000079d700000,0x000000079d700000)
  from space 11264K, 0% used [0x000000079e280000,0x000000079e280000,0x000000079ed80000)
  to   space 11776K, 0% used [0x000000079d700000,0x000000079d700000,0x000000079e280000)
 ParOldGen       total 60416K, used 9740K [0x0000000740000000, 0x0000000743b00000, 0x0000000795580000)
  object space 60416K, 16% used [0x0000000740000000,0x0000000740983320,0x0000000743b00000)
 Metaspace       used 29394K, capacity 29646K, committed 30080K, reserved 1075200K
  class space    used 3623K, capacity 3689K, committed 3712K, reserved 1048576K
Event: 6.045 GC heap after
Heap after GC invocations=8 (full 1):
 PSYoungGen      total 144384K, used 11668K [0x0000000795580000, 0x00000007a4380000, 0x00000007c0000000)
  eden space 132608K, 0% used [0x0000000795580000,0x0000000795580000,0x000000079d700000)
  from space 11776K, 99% used [0x000000079d700000,0x000000079e265318,0x000000079e280000)
  to   space 12800K, 0% used [0x00000007a3700000,0x00000007a3700000,0x00000007a4380000)
 ParOldGen       total 60416K, used 9748K [0x0000000740000000, 0x0000000743b00000, 0x0000000795580000)
  object space 60416K, 16% used [0x0000000740000000,0x0000000740985320,0x0000000743b00000)
 Metaspace       used 29394K, capacity 29646K, committed 30080K, reserved 1075200K
  class space    used 3623K, capacity 3689K, committed 3712K, reserved 1048576K
}
Event: 7.260 GC heap before
{Heap before GC invocations=9 (full 1):
 PSYoungGen      total 144384K, used 75180K [0x0000000795580000, 0x00000007a4380000, 0x00000007c0000000)
  eden space 132608K, 47% used [0x0000000795580000,0x0000000799385fb0,0x000000079d700000)
  from space 11776K, 99% used [0x000000079d700000,0x000000079e265318,0x000000079e280000)
  to   space 12800K, 0% used [0x00000007a3700000,0x00000007a3700000,0x00000007a4380000)
 ParOldGen       total 60416K, used 9748K [0x0000000740000000, 0x0000000743b00000, 0x0000000795580000)
  object space 60416K, 16% used [0x0000000740000000,0x0000000740985320,0x0000000743b00000)
 Metaspace       used 34959K, capacity 35224K, committed 35496K, reserved 1081344K
  class space    used 4448K, capacity 4496K, committed 4520K, reserved 1048576K
Event: 7.280 GC heap after
Heap after GC invocations=9 (full 1):
 PSYoungGen      total 227840K, used 12034K [0x0000000795580000, 0x00000007a4380000, 0x00000007c0000000)
  eden space 215040K, 0% used [0x0000000795580000,0x0000000795580000,0x00000007a2780000)
  from space 12800K, 94% used [0x00000007a3700000,0x00000007a42c0a38,0x00000007a4380000)
  to   space 14336K, 0% used [0x00000007a2780000,0x00000007a2780000,0x00000007a3580000)
 ParOldGen       total 60416K, used 9756K [0x0000000740000000, 0x0000000743b00000, 0x0000000795580000)
  object space 60416K, 16% used [0x0000000740000000,0x0000000740987320,0x0000000743b00000)
 Metaspace       used 34959K, capacity 35224K, committed 35496K, reserved 1081344K
  class space    used 4448K, capacity 4496K, committed 4520K, reserved 1048576K
}
Event: 7.280 GC heap before
{Heap before GC invocations=10 (full 2):
 PSYoungGen      total 227840K, used 12034K [0x0000000795580000, 0x00000007a4380000, 0x00000007c0000000)
  eden space 215040K, 0% used [0x0000000795580000,0x0000000795580000,0x00000007a2780000)
  from space 12800K, 94% used [0x00000007a3700000,0x00000007a42c0a38,0x00000007a4380000)
  to   space 14336K, 0% used [0x00000007a2780000,0x00000007a2780000,0x00000007a3580000)
 ParOldGen       total 60416K, used 9756K [0x0000000740000000, 0x0000000743b00000, 0x0000000795580000)
  object space 60416K, 16% used [0x0000000740000000,0x0000000740987320,0x0000000743b00000)
 Metaspace       used 34959K, capacity 35224K, committed 35496K, reserved 1081344K
  class space    used 4448K, capacity 4496K, committed 4520K, reserved 1048576K
Event: 7.412 GC heap after
Heap after GC invocations=10 (full 2):
 PSYoungGen      total 227840K, used 0K [0x0000000795580000, 0x00000007a4380000, 0x00000007c0000000)
  eden space 215040K, 0% used [0x0000000795580000,0x0000000795580000,0x00000007a2780000)
  from space 12800K, 0% used [0x00000007a3700000,0x00000007a3700000,0x00000007a4380000)
  to   space 14336K, 0% used [0x00000007a2780000,0x00000007a2780000,0x00000007a3580000)
 ParOldGen       total 94720K, used 20538K [0x0000000740000000, 0x0000000745c80000, 0x0000000795580000)
  object space 94720K, 21% used [0x0000000740000000,0x000000074140e9a0,0x0000000745c80000)
 Metaspace       used 34959K, capacity 35224K, committed 35496K, reserved 1081344K
  class space    used 4448K, capacity 4496K, committed 4520K, reserved 1048576K
}

